<?xml version="1.0" encoding="UTF-8"?>
<testng-results ignored="0" total="1" passed="1" failed="0" skipped="0">
  <reporter-output>
  </reporter-output>
  <suite started-at="2020-04-20T07:14:18Z" name="FirstSeleniumTest" finished-at="2020-04-20T07:14:29Z" duration-ms="10897">
    <groups>
    </groups>
    <test started-at="2020-04-20T07:14:18Z" name="Command line test" finished-at="2020-04-20T07:14:29Z" duration-ms="10897">
      <class name="FirstSeleniumTest">
        <test-method signature="googleOpenTest()[pri:0, instance:FirstSeleniumTest@2a742aa2]" started-at="2020-04-20T07:14:18Z" name="googleOpenTest" finished-at="2020-04-20T07:14:29Z" duration-ms="10882" status="PASS">
          <reporter-output>
          </reporter-output>
        </test-method> <!-- googleOpenTest -->
      </class> <!-- FirstSeleniumTest -->
    </test> <!-- Command line test -->
  </suite> <!-- FirstSeleniumTest -->
</testng-results>
